<?xml version="1.0" encoding="UTF-8"?>
<testng-results skipped="0" failed="0" ignored="0" total="1" passed="1">
  <reporter-output>
  </reporter-output>
  <suite name="Suite" duration-ms="51074" started-at="2023-01-18T05:35:50Z" finished-at="2023-01-18T05:36:41Z">
    <groups>
    </groups>
    <test name="Bing Test" duration-ms="51074" started-at="2023-01-18T05:35:50Z" finished-at="2023-01-18T05:36:41Z">
      <class name="a2_bingTest.A1_BingTestJava">
        <test-method status="PASS" signature="verifyGooglePage()[pri:0, instance:a2_bingTest.A1_BingTestJava@148080bb]" name="verifyGooglePage" duration-ms="51024" started-at="2023-01-18T11:05:50Z" finished-at="2023-01-18T11:06:41Z">
          <reporter-output>
          </reporter-output>
        </test-method> <!-- verifyGooglePage -->
      </class> <!-- a2_bingTest.A1_BingTestJava -->
    </test> <!-- Bing Test -->
  </suite> <!-- Suite -->
</testng-results>
